2025-02-18 11:23:46 [SpringApplicationShutdownHook] INFO  org.mongodb.driver.connection - Opened connection [connectionId{localValue:5, serverValue:7}] to localhost:27017
2025-02-18 11:23:53 [background-preinit] INFO  o.h.validator.internal.util.Version - HV000001: Hibernate Validator 6.2.5.Final
2025-02-18 11:23:53 [restartedMain] INFO  com.redtrack.RedtrackApplication - Starting RedtrackApplication using Java 17.0.12 on LAPTOP-ICGVSVEA with PID 29492 (C:\Users\ycode\Desktop\RedTrack\Back-end\target\classes started by ycode in C:\Users\ycode\Desktop\RedTrack\Back-end)
2025-02-18 11:23:53 [restartedMain] INFO  com.redtrack.RedtrackApplication - The following 1 profile is active: "prod"
2025-02-18 11:23:53 [restartedMain] INFO  o.s.b.d.e.DevToolsPropertyDefaultsPostProcessor - Devtools property defaults active! Set 'spring.devtools.add-properties' to 'false' to disable
2025-02-18 11:23:53 [restartedMain] INFO  o.s.b.d.e.DevToolsPropertyDefaultsPostProcessor - For additional web related logging consider setting the 'logging.level.web' property to 'DEBUG'
2025-02-18 11:23:56 [restartedMain] INFO  o.s.d.r.c.RepositoryConfigurationDelegate - Bootstrapping Spring Data MongoDB repositories in DEFAULT mode.
2025-02-18 11:23:56 [restartedMain] INFO  o.s.d.r.c.RepositoryConfigurationDelegate - Finished Spring Data repository scanning in 82 ms. Found 1 MongoDB repository interfaces.
2025-02-18 11:23:57 [restartedMain] INFO  o.s.b.w.e.tomcat.TomcatWebServer - Tomcat initialized with port(s): 8080 (http)
2025-02-18 11:23:57 [restartedMain] INFO  o.a.coyote.http11.Http11NioProtocol - Initializing ProtocolHandler ["http-nio-8080"]
2025-02-18 11:23:57 [restartedMain] INFO  o.a.catalina.core.StandardService - Starting service [Tomcat]
2025-02-18 11:23:57 [restartedMain] INFO  o.a.catalina.core.StandardEngine - Starting Servlet engine: [Apache Tomcat/9.0.83]
2025-02-18 11:23:57 [restartedMain] INFO  o.a.c.c.C.[Tomcat].[localhost].[/] - Initializing Spring embedded WebApplicationContext
2025-02-18 11:23:57 [restartedMain] INFO  o.s.b.w.s.c.ServletWebServerApplicationContext - Root WebApplicationContext: initialization completed in 3558 ms
2025-02-18 11:23:57 [restartedMain] INFO  org.mongodb.driver.client - MongoClient with metadata {"driver": {"name": "mongo-java-driver|sync|spring-boot", "version": "4.6.1"}, "os": {"type": "Windows", "name": "Windows 11", "architecture": "amd64", "version": "10.0"}, "platform": "Java/Eclipse Adoptium/17.0.12+7"} created with settings MongoClientSettings{readPreference=primary, writeConcern=WriteConcern{w=null, wTimeout=null ms, journal=null}, retryWrites=true, retryReads=true, readConcern=ReadConcern{level=null}, credential=null, streamFactoryFactory=null, commandListeners=[io.micrometer.core.instrument.binder.mongodb.MongoMetricsCommandListener@2c349c6b], codecRegistry=ProvidersCodecRegistry{codecProviders=[ValueCodecProvider{}, BsonValueCodecProvider{}, DBRefCodecProvider{}, DBObjectCodecProvider{}, DocumentCodecProvider{}, IterableCodecProvider{}, MapCodecProvider{}, GeoJsonCodecProvider{}, GridFSFileCodecProvider{}, Jsr310CodecProvider{}, JsonObjectCodecProvider{}, BsonCodecProvider{}, EnumCodecProvider{}, com.mongodb.Jep395RecordCodecProvider@7c870c80]}, clusterSettings={hosts=[localhost:27017], srvServiceName=mongodb, mode=SINGLE, requiredClusterType=UNKNOWN, requiredReplicaSetName='null', serverSelector='null', clusterListeners='[]', serverSelectionTimeout='30000 ms', localThreshold='30000 ms'}, socketSettings=SocketSettings{connectTimeoutMS=10000, readTimeoutMS=0, receiveBufferSize=0, sendBufferSize=0}, heartbeatSocketSettings=SocketSettings{connectTimeoutMS=10000, readTimeoutMS=10000, receiveBufferSize=0, sendBufferSize=0}, connectionPoolSettings=ConnectionPoolSettings{maxSize=100, minSize=0, maxWaitTimeMS=120000, maxConnectionLifeTimeMS=0, maxConnectionIdleTimeMS=0, maintenanceInitialDelayMS=0, maintenanceFrequencyMS=60000, connectionPoolListeners=[io.micrometer.core.instrument.binder.mongodb.MongoMetricsConnectionPoolListener@742b754f], maxConnecting=2}, serverSettings=ServerSettings{heartbeatFrequencyMS=10000, minHeartbeatFrequencyMS=500, serverListeners='[]', serverMonitorListeners='[]'}, sslSettings=SslSettings{enabled=false, invalidHostNameAllowed=false, context=null}, applicationName='null', compressorList=[], uuidRepresentation=JAVA_LEGACY, serverApi=null, autoEncryptionSettings=null, contextProvider=null}
2025-02-18 11:23:57 [cluster-ClusterId{value='67b45fbd9c661e6b0e2a5881', description='null'}-localhost:27017] INFO  org.mongodb.driver.connection - Opened connection [connectionId{localValue:1, serverValue:8}] to localhost:27017
2025-02-18 11:23:57 [cluster-rtt-ClusterId{value='67b45fbd9c661e6b0e2a5881', description='null'}-localhost:27017] INFO  org.mongodb.driver.connection - Opened connection [connectionId{localValue:2, serverValue:9}] to localhost:27017
2025-02-18 11:23:57 [cluster-ClusterId{value='67b45fbd9c661e6b0e2a5881', description='null'}-localhost:27017] INFO  org.mongodb.driver.cluster - Monitor thread successfully connected to server with description ServerDescription{address=localhost:27017, type=STANDALONE, state=CONNECTED, ok=true, minWireVersion=0, maxWireVersion=21, maxDocumentSize=16777216, logicalSessionTimeoutMinutes=30, roundTripTimeNanos=94013800}
2025-02-18 11:23:58 [restartedMain] DEBUG o.s.d.m.c.i.MongoPersistentEntityIndexCreator - Analyzing class class com.redtrack.model.User for index information.
2025-02-18 11:23:58 [restartedMain] INFO  o.s.b.d.a.OptionalLiveReloadServer - LiveReload server is running on port 35729
2025-02-18 11:23:58 [restartedMain] INFO  o.s.s.web.DefaultSecurityFilterChain - Will secure any request with [org.springframework.security.web.session.DisableEncodeUrlFilter@3799fbc0, org.springframework.security.web.context.request.async.WebAsyncManagerIntegrationFilter@1f58559f, org.springframework.security.web.context.SecurityContextPersistenceFilter@28da6362, org.springframework.security.web.header.HeaderWriterFilter@5bef8254, org.springframework.security.web.authentication.logout.LogoutFilter@e48ef4e, com.redtrack.security.JwtAuthenticationFilter@159a6e86, org.springframework.security.web.savedrequest.RequestCacheAwareFilter@f2c8e9, org.springframework.security.web.servletapi.SecurityContextHolderAwareRequestFilter@3b6e6ec7, org.springframework.security.web.authentication.AnonymousAuthenticationFilter@15c3d1a1, org.springframework.security.web.session.SessionManagementFilter@674f458a, org.springframework.security.web.access.ExceptionTranslationFilter@37dd5bec, org.springframework.security.web.access.intercept.FilterSecurityInterceptor@160b51da]
2025-02-18 11:23:59 [restartedMain] INFO  o.s.b.a.e.web.EndpointLinksResolver - Exposing 1 endpoint(s) beneath base path '/actuator'
2025-02-18 11:23:59 [restartedMain] INFO  o.a.coyote.http11.Http11NioProtocol - Starting ProtocolHandler ["http-nio-8080"]
2025-02-18 11:23:59 [restartedMain] INFO  o.s.b.w.e.tomcat.TomcatWebServer - Tomcat started on port(s): 8080 (http) with context path ''
2025-02-18 11:23:59 [restartedMain] INFO  com.redtrack.RedtrackApplication - Started RedtrackApplication in 6.787 seconds (JVM running for 8.356)
2025-02-18 11:23:59 [restartedMain] DEBUG o.s.d.m.r.query.MongoQueryCreator - Created query Query: { "email" : "admin@redtrack.com"}, Fields: {}, Sort: {}
2025-02-18 11:23:59 [restartedMain] DEBUG o.s.data.mongodb.core.MongoTemplate - find using query: { "email" : "admin@redtrack.com"} fields: Document{{}} for class: class com.redtrack.model.User in collection: users
2025-02-18 11:23:59 [restartedMain] INFO  org.mongodb.driver.connection - Opened connection [connectionId{localValue:3, serverValue:10}] to localhost:27017
2025-02-18 11:24:00 [RMI TCP Connection(9)-192.168.9.151] INFO  o.a.c.c.C.[Tomcat].[localhost].[/] - Initializing Spring DispatcherServlet 'dispatcherServlet'
2025-02-18 11:24:00 [RMI TCP Connection(9)-192.168.9.151] INFO  o.s.web.servlet.DispatcherServlet - Initializing Servlet 'dispatcherServlet'
2025-02-18 11:24:00 [RMI TCP Connection(9)-192.168.9.151] INFO  o.s.web.servlet.DispatcherServlet - Completed initialization in 2 ms
2025-02-18 11:26:13 [File Watcher] INFO  o.s.b.d.a.LocalDevToolsAutoConfiguration$RestartingClassPathChangeChangedEventListener - Restarting due to 35 class path changes (0 additions, 35 deletions, 0 modifications)
2025-02-18 11:26:14 [Thread-4] INFO  o.a.coyote.http11.Http11NioProtocol - Pausing ProtocolHandler ["http-nio-8080"]
2025-02-18 11:26:14 [Thread-4] INFO  o.a.catalina.core.StandardService - Stopping service [Tomcat]
2025-02-18 11:26:14 [Thread-4] INFO  o.a.c.c.C.[Tomcat].[localhost].[/] - Destroying Spring FrameworkServlet 'dispatcherServlet'
2025-02-18 11:26:14 [Thread-4] WARN  o.a.c.loader.WebappClassLoaderBase - The web application [ROOT] appears to have started a thread named [BufferPoolPruner-1-thread-1] but has failed to stop it. This is very likely to create a memory leak. Stack trace of thread:
 java.base@17.0.12/jdk.internal.misc.Unsafe.park(Native Method)
 java.base@17.0.12/java.util.concurrent.locks.LockSupport.parkNanos(LockSupport.java:252)
 java.base@17.0.12/java.util.concurrent.locks.AbstractQueuedSynchronizer$ConditionObject.awaitNanos(AbstractQueuedSynchronizer.java:1674)
 java.base@17.0.12/java.util.concurrent.ScheduledThreadPoolExecutor$DelayedWorkQueue.take(ScheduledThreadPoolExecutor.java:1182)
 java.base@17.0.12/java.util.concurrent.ScheduledThreadPoolExecutor$DelayedWorkQueue.take(ScheduledThreadPoolExecutor.java:899)
 java.base@17.0.12/java.util.concurrent.ThreadPoolExecutor.getTask(ThreadPoolExecutor.java:1062)
 java.base@17.0.12/java.util.concurrent.ThreadPoolExecutor.runWorker(ThreadPoolExecutor.java:1122)
 java.base@17.0.12/java.util.concurrent.ThreadPoolExecutor$Worker.run(ThreadPoolExecutor.java:635)
 java.base@17.0.12/java.lang.Thread.run(Thread.java:840)
2025-02-18 11:26:14 [Thread-4] WARN  o.a.c.loader.WebappClassLoaderBase - The web application [ROOT] appears to have started a thread named [cluster-ClusterId{value='67b45fbd9c661e6b0e2a5881', description='null'}-localhost:27017] but has failed to stop it. This is very likely to create a memory leak. Stack trace of thread:
 java.base@17.0.12/sun.nio.ch.Net.poll(Native Method)
 java.base@17.0.12/sun.nio.ch.NioSocketImpl.park(NioSocketImpl.java:186)
 java.base@17.0.12/sun.nio.ch.NioSocketImpl.timedRead(NioSocketImpl.java:290)
 java.base@17.0.12/sun.nio.ch.NioSocketImpl.implRead(NioSocketImpl.java:314)
 java.base@17.0.12/sun.nio.ch.NioSocketImpl.read(NioSocketImpl.java:355)
 java.base@17.0.12/sun.nio.ch.NioSocketImpl$1.read(NioSocketImpl.java:808)
 java.base@17.0.12/java.net.Socket$SocketInputStream.read(Socket.java:966)
 app//com.mongodb.internal.connection.SocketStream.read(SocketStream.java:110)
 app//com.mongodb.internal.connection.SocketStream.read(SocketStream.java:135)
 app//com.mongodb.internal.connection.InternalStreamConnection.receiveResponseBuffers(InternalStreamConnection.java:713)
 app//com.mongodb.internal.connection.InternalStreamConnection.receiveMessageWithAdditionalTimeout(InternalStreamConnection.java:571)
 app//com.mongodb.internal.connection.InternalStreamConnection.receiveCommandMessageResponse(InternalStreamConnection.java:410)
 app//com.mongodb.internal.connection.InternalStreamConnection.receive(InternalStreamConnection.java:369)
 app//com.mongodb.internal.connection.DefaultServerMonitor$ServerMonitorRunnable.lookupServerDescription(DefaultServerMonitor.java:221)
 app//com.mongodb.internal.connection.DefaultServerMonitor$ServerMonitorRunnable.run(DefaultServerMonitor.java:157)
 java.base@17.0.12/java.lang.Thread.run(Thread.java:840)
2025-02-18 11:26:14 [Thread-4] WARN  o.a.c.loader.WebappClassLoaderBase - The web application [ROOT] appears to have started a thread named [cluster-rtt-ClusterId{value='67b45fbd9c661e6b0e2a5881', description='null'}-localhost:27017] but has failed to stop it. This is very likely to create a memory leak. Stack trace of thread:
 java.base@17.0.12/java.lang.Thread.sleep(Native Method)
 app//com.mongodb.internal.connection.DefaultServerMonitor.waitForNext(DefaultServerMonitor.java:443)
 app//com.mongodb.internal.connection.DefaultServerMonitor.access$1500(DefaultServerMonitor.java:64)
 app//com.mongodb.internal.connection.DefaultServerMonitor$RoundTripTimeRunnable.run(DefaultServerMonitor.java:415)
 java.base@17.0.12/java.lang.Thread.run(Thread.java:840)
2025-02-18 11:26:14 [Thread-4] WARN  o.a.c.loader.WebappClassLoaderBase - The web application [ROOT] appears to have started a thread named [MaintenanceTimer-2-thread-1] but has failed to stop it. This is very likely to create a memory leak. Stack trace of thread:
 java.base@17.0.12/jdk.internal.misc.Unsafe.park(Native Method)
 java.base@17.0.12/java.util.concurrent.locks.LockSupport.parkNanos(LockSupport.java:252)
 java.base@17.0.12/java.util.concurrent.locks.AbstractQueuedSynchronizer$ConditionObject.awaitNanos(AbstractQueuedSynchronizer.java:1674)
 java.base@17.0.12/java.util.concurrent.ScheduledThreadPoolExecutor$DelayedWorkQueue.take(ScheduledThreadPoolExecutor.java:1182)
 java.base@17.0.12/java.util.concurrent.ScheduledThreadPoolExecutor$DelayedWorkQueue.take(ScheduledThreadPoolExecutor.java:899)
 java.base@17.0.12/java.util.concurrent.ThreadPoolExecutor.getTask(ThreadPoolExecutor.java:1062)
 java.base@17.0.12/java.util.concurrent.ThreadPoolExecutor.runWorker(ThreadPoolExecutor.java:1122)
 java.base@17.0.12/java.util.concurrent.ThreadPoolExecutor$Worker.run(ThreadPoolExecutor.java:635)
 java.base@17.0.12/java.lang.Thread.run(Thread.java:840)
2025-02-18 11:26:14 [Thread-4] INFO  o.a.coyote.http11.Http11NioProtocol - Stopping ProtocolHandler ["http-nio-8080"]
2025-02-18 11:26:14 [Thread-4] INFO  o.a.coyote.http11.Http11NioProtocol - Destroying ProtocolHandler ["http-nio-8080"]
2025-02-18 11:26:41 [restartedMain] INFO  com.redtrack.RedtrackApplication - Starting RedtrackApplication using Java 17.0.12 on LAPTOP-ICGVSVEA with PID 29492 (C:\Users\ycode\Desktop\RedTrack\Back-end\target\classes started by ycode in C:\Users\ycode\Desktop\RedTrack\Back-end)
2025-02-18 11:26:41 [restartedMain] INFO  com.redtrack.RedtrackApplication - The following 1 profile is active: "prod"
2025-02-18 11:26:43 [restartedMain] INFO  o.s.d.r.c.RepositoryConfigurationDelegate - Bootstrapping Spring Data MongoDB repositories in DEFAULT mode.
2025-02-18 11:26:43 [restartedMain] INFO  o.s.d.r.c.RepositoryConfigurationDelegate - Finished Spring Data repository scanning in 69 ms. Found 1 MongoDB repository interfaces.
2025-02-18 11:26:43 [restartedMain] INFO  o.s.b.w.e.tomcat.TomcatWebServer - Tomcat initialized with port(s): 8080 (http)
2025-02-18 11:26:43 [restartedMain] INFO  o.a.catalina.core.StandardService - Starting service [Tomcat]
2025-02-18 11:26:43 [restartedMain] INFO  o.a.catalina.core.StandardEngine - Starting Servlet engine: [Apache Tomcat/9.0.83]
2025-02-18 11:26:43 [restartedMain] INFO  o.a.c.c.C.[Tomcat-1].[localhost].[/] - Initializing Spring embedded WebApplicationContext
2025-02-18 11:26:43 [restartedMain] INFO  o.s.b.w.s.c.ServletWebServerApplicationContext - Root WebApplicationContext: initialization completed in 2071 ms
2025-02-18 11:26:44 [restartedMain] INFO  org.mongodb.driver.client - MongoClient with metadata {"driver": {"name": "mongo-java-driver|sync|spring-boot", "version": "4.6.1"}, "os": {"type": "Windows", "name": "Windows 11", "architecture": "amd64", "version": "10.0"}, "platform": "Java/Eclipse Adoptium/17.0.12+7"} created with settings MongoClientSettings{readPreference=primary, writeConcern=WriteConcern{w=null, wTimeout=null ms, journal=null}, retryWrites=true, retryReads=true, readConcern=ReadConcern{level=null}, credential=null, streamFactoryFactory=null, commandListeners=[io.micrometer.core.instrument.binder.mongodb.MongoMetricsCommandListener@1b900187], codecRegistry=ProvidersCodecRegistry{codecProviders=[ValueCodecProvider{}, BsonValueCodecProvider{}, DBRefCodecProvider{}, DBObjectCodecProvider{}, DocumentCodecProvider{}, IterableCodecProvider{}, MapCodecProvider{}, GeoJsonCodecProvider{}, GridFSFileCodecProvider{}, Jsr310CodecProvider{}, JsonObjectCodecProvider{}, BsonCodecProvider{}, EnumCodecProvider{}, com.mongodb.Jep395RecordCodecProvider@7c870c80]}, clusterSettings={hosts=[localhost:27017], srvServiceName=mongodb, mode=SINGLE, requiredClusterType=UNKNOWN, requiredReplicaSetName='null', serverSelector='null', clusterListeners='[]', serverSelectionTimeout='30000 ms', localThreshold='30000 ms'}, socketSettings=SocketSettings{connectTimeoutMS=10000, readTimeoutMS=0, receiveBufferSize=0, sendBufferSize=0}, heartbeatSocketSettings=SocketSettings{connectTimeoutMS=10000, readTimeoutMS=10000, receiveBufferSize=0, sendBufferSize=0}, connectionPoolSettings=ConnectionPoolSettings{maxSize=100, minSize=0, maxWaitTimeMS=120000, maxConnectionLifeTimeMS=0, maxConnectionIdleTimeMS=0, maintenanceInitialDelayMS=0, maintenanceFrequencyMS=60000, connectionPoolListeners=[io.micrometer.core.instrument.binder.mongodb.MongoMetricsConnectionPoolListener@2cb2e982], maxConnecting=2}, serverSettings=ServerSettings{heartbeatFrequencyMS=10000, minHeartbeatFrequencyMS=500, serverListeners='[]', serverMonitorListeners='[]'}, sslSettings=SslSettings{enabled=false, invalidHostNameAllowed=false, context=null}, applicationName='null', compressorList=[], uuidRepresentation=JAVA_LEGACY, serverApi=null, autoEncryptionSettings=null, contextProvider=null}
2025-02-18 11:26:44 [cluster-rtt-ClusterId{value='67b460649c661e6b0e2a5884', description='null'}-localhost:27017] INFO  org.mongodb.driver.connection - Opened connection [connectionId{localValue:8, serverValue:16}] to localhost:27017
2025-02-18 11:26:44 [cluster-ClusterId{value='67b460649c661e6b0e2a5884', description='null'}-localhost:27017] INFO  org.mongodb.driver.connection - Opened connection [connectionId{localValue:9, serverValue:15}] to localhost:27017
2025-02-18 11:26:44 [cluster-ClusterId{value='67b460649c661e6b0e2a5884', description='null'}-localhost:27017] INFO  org.mongodb.driver.cluster - Monitor thread successfully connected to server with description ServerDescription{address=localhost:27017, type=STANDALONE, state=CONNECTED, ok=true, minWireVersion=0, maxWireVersion=21, maxDocumentSize=16777216, logicalSessionTimeoutMinutes=30, roundTripTimeNanos=12977300}
2025-02-18 11:26:44 [restartedMain] DEBUG o.s.d.m.c.i.MongoPersistentEntityIndexCreator - Analyzing class class com.redtrack.model.User for index information.
2025-02-18 11:26:44 [restartedMain] INFO  o.s.b.d.a.OptionalLiveReloadServer - LiveReload server is running on port 35729
2025-02-18 11:26:44 [restartedMain] INFO  o.s.s.web.DefaultSecurityFilterChain - Will secure any request with [org.springframework.security.web.session.DisableEncodeUrlFilter@838235b, org.springframework.security.web.context.request.async.WebAsyncManagerIntegrationFilter@1665967d, org.springframework.security.web.context.SecurityContextPersistenceFilter@a504cd1, org.springframework.security.web.header.HeaderWriterFilter@a8fd129, org.springframework.security.web.authentication.logout.LogoutFilter@69daa427, com.redtrack.security.JwtAuthenticationFilter@2a4c9a8e, org.springframework.security.web.savedrequest.RequestCacheAwareFilter@c17a56f, org.springframework.security.web.servletapi.SecurityContextHolderAwareRequestFilter@78e52b5d, org.springframework.security.web.authentication.AnonymousAuthenticationFilter@3698f393, org.springframework.security.web.session.SessionManagementFilter@706d3eb9, org.springframework.security.web.access.ExceptionTranslationFilter@58cbd14d, org.springframework.security.web.access.intercept.FilterSecurityInterceptor@53ce1ea4]
2025-02-18 11:26:46 [restartedMain] INFO  o.s.b.a.e.web.EndpointLinksResolver - Exposing 1 endpoint(s) beneath base path '/actuator'
2025-02-18 11:26:47 [restartedMain] INFO  o.s.b.w.e.tomcat.TomcatWebServer - Tomcat started on port(s): 8080 (http) with context path ''
2025-02-18 11:26:47 [restartedMain] INFO  com.redtrack.RedtrackApplication - Started RedtrackApplication in 5.75 seconds (JVM running for 176.301)
2025-02-18 11:26:47 [restartedMain] DEBUG o.s.d.m.r.query.MongoQueryCreator - Created query Query: { "email" : "admin@redtrack.com"}, Fields: {}, Sort: {}
2025-02-18 11:26:47 [restartedMain] DEBUG o.s.data.mongodb.core.MongoTemplate - find using query: { "email" : "admin@redtrack.com"} fields: Document{{}} for class: class com.redtrack.model.User in collection: users
2025-02-18 11:26:47 [restartedMain] INFO  org.mongodb.driver.connection - Opened connection [connectionId{localValue:10, serverValue:17}] to localhost:27017
2025-02-18 11:26:47 [restartedMain] INFO  o.s.b.d.a.ConditionEvaluationDeltaLoggingListener - Condition evaluation unchanged
2025-02-18 11:33:21 [http-nio-8080-exec-2] INFO  o.a.c.c.C.[Tomcat-1].[localhost].[/] - Initializing Spring DispatcherServlet 'dispatcherServlet'
2025-02-18 11:33:21 [http-nio-8080-exec-2] INFO  o.s.web.servlet.DispatcherServlet - Initializing Servlet 'dispatcherServlet'
2025-02-18 11:33:21 [http-nio-8080-exec-2] INFO  o.s.web.servlet.DispatcherServlet - Completed initialization in 2 ms
2025-02-18 11:33:22 [http-nio-8080-exec-7] DEBUG o.s.d.m.r.query.MongoQueryCreator - Created query Query: { "email" : "asmaabarj5@gmail.com"}, Fields: {}, Sort: {}
2025-02-18 11:33:22 [http-nio-8080-exec-7] DEBUG o.s.data.mongodb.core.MongoTemplate - find using query: { "email" : "asmaabarj5@gmail.com"} fields: Document{{}} for class: class com.redtrack.model.User in collection: users
2025-02-18 11:33:22 [http-nio-8080-exec-7] WARN  o.s.w.s.m.m.a.ExceptionHandlerExceptionResolver - Resolved [org.springframework.security.authentication.BadCredentialsException: Bad credentials]
2025-02-18 11:35:24 [http-nio-8080-exec-5] DEBUG o.s.d.m.r.query.MongoQueryCreator - Created query Query: { "email" : "admin@redtrack.com"}, Fields: {}, Sort: {}
2025-02-18 11:35:24 [http-nio-8080-exec-5] DEBUG o.s.data.mongodb.core.MongoTemplate - find using query: { "email" : "admin@redtrack.com"} fields: Document{{}} for class: class com.redtrack.model.User in collection: users
2025-02-18 11:35:25 [http-nio-8080-exec-5] DEBUG o.s.d.m.r.query.MongoQueryCreator - Created query Query: { "email" : "admin@redtrack.com"}, Fields: {}, Sort: {}
2025-02-18 11:35:25 [http-nio-8080-exec-5] DEBUG o.s.data.mongodb.core.MongoTemplate - find using query: { "email" : "admin@redtrack.com"} fields: Document{{}} for class: class com.redtrack.model.User in collection: users
2025-02-18 11:35:28 [http-nio-8080-exec-6] DEBUG o.s.d.m.r.query.MongoQueryCreator - Created query Query: { "email" : "admin@redtrack.com"}, Fields: {}, Sort: {}
2025-02-18 11:35:28 [http-nio-8080-exec-6] DEBUG o.s.data.mongodb.core.MongoTemplate - find using query: { "email" : "admin@redtrack.com"} fields: Document{{}} for class: class com.redtrack.model.User in collection: users
2025-02-18 11:35:28 [http-nio-8080-exec-6] WARN  o.s.w.s.m.m.a.ExceptionHandlerExceptionResolver - Resolved [com.redtrack.exceptions.AlreadyLoggedInException: Vous êtes déjà connecté. Déconnectez-vous d'abord.]
2025-02-18 11:35:59 [File Watcher] INFO  o.s.b.d.a.LocalDevToolsAutoConfiguration$RestartingClassPathChangeChangedEventListener - Restarting due to 4 class path changes (0 additions, 1 deletion, 3 modifications)
2025-02-18 11:35:59 [Thread-11] INFO  o.a.catalina.core.StandardService - Stopping service [Tomcat]
2025-02-18 11:35:59 [Thread-11] INFO  o.a.c.c.C.[Tomcat-1].[localhost].[/] - Destroying Spring FrameworkServlet 'dispatcherServlet'
2025-02-18 11:35:59 [Thread-11] WARN  o.a.c.loader.WebappClassLoaderBase - The web application [ROOT] appears to have started a thread named [cluster-ClusterId{value='67b460649c661e6b0e2a5884', description='null'}-localhost:27017] but has failed to stop it. This is very likely to create a memory leak. Stack trace of thread:
 java.base@17.0.12/sun.nio.ch.Net.poll(Native Method)
 java.base@17.0.12/sun.nio.ch.NioSocketImpl.park(NioSocketImpl.java:186)
 java.base@17.0.12/sun.nio.ch.NioSocketImpl.timedRead(NioSocketImpl.java:290)
 java.base@17.0.12/sun.nio.ch.NioSocketImpl.implRead(NioSocketImpl.java:314)
 java.base@17.0.12/sun.nio.ch.NioSocketImpl.read(NioSocketImpl.java:355)
 java.base@17.0.12/sun.nio.ch.NioSocketImpl$1.read(NioSocketImpl.java:808)
 java.base@17.0.12/java.net.Socket$SocketInputStream.read(Socket.java:966)
 app//com.mongodb.internal.connection.SocketStream.read(SocketStream.java:110)
 app//com.mongodb.internal.connection.SocketStream.read(SocketStream.java:135)
 app//com.mongodb.internal.connection.InternalStreamConnection.receiveResponseBuffers(InternalStreamConnection.java:713)
 app//com.mongodb.internal.connection.InternalStreamConnection.receiveMessageWithAdditionalTimeout(InternalStreamConnection.java:571)
 app//com.mongodb.internal.connection.InternalStreamConnection.receiveCommandMessageResponse(InternalStreamConnection.java:410)
 app//com.mongodb.internal.connection.InternalStreamConnection.receive(InternalStreamConnection.java:369)
 app//com.mongodb.internal.connection.DefaultServerMonitor$ServerMonitorRunnable.lookupServerDescription(DefaultServerMonitor.java:221)
 app//com.mongodb.internal.connection.DefaultServerMonitor$ServerMonitorRunnable.run(DefaultServerMonitor.java:157)
 java.base@17.0.12/java.lang.Thread.run(Thread.java:840)
2025-02-18 11:35:59 [Thread-11] WARN  o.a.c.loader.WebappClassLoaderBase - The web application [ROOT] appears to have started a thread named [cluster-rtt-ClusterId{value='67b460649c661e6b0e2a5884', description='null'}-localhost:27017] but has failed to stop it. This is very likely to create a memory leak. Stack trace of thread:
 java.base@17.0.12/java.lang.Thread.sleep(Native Method)
 app//com.mongodb.internal.connection.DefaultServerMonitor.waitForNext(DefaultServerMonitor.java:443)
 app//com.mongodb.internal.connection.DefaultServerMonitor.access$1500(DefaultServerMonitor.java:64)
 app//com.mongodb.internal.connection.DefaultServerMonitor$RoundTripTimeRunnable.run(DefaultServerMonitor.java:415)
 java.base@17.0.12/java.lang.Thread.run(Thread.java:840)
2025-02-18 11:35:59 [Thread-11] WARN  o.a.c.loader.WebappClassLoaderBase - The web application [ROOT] appears to have started a thread named [MaintenanceTimer-5-thread-1] but has failed to stop it. This is very likely to create a memory leak. Stack trace of thread:
 java.base@17.0.12/jdk.internal.misc.Unsafe.park(Native Method)
 java.base@17.0.12/java.util.concurrent.locks.LockSupport.parkNanos(LockSupport.java:252)
 java.base@17.0.12/java.util.concurrent.locks.AbstractQueuedSynchronizer$ConditionObject.awaitNanos(AbstractQueuedSynchronizer.java:1674)
 java.base@17.0.12/java.util.concurrent.ScheduledThreadPoolExecutor$DelayedWorkQueue.take(ScheduledThreadPoolExecutor.java:1182)
 java.base@17.0.12/java.util.concurrent.ScheduledThreadPoolExecutor$DelayedWorkQueue.take(ScheduledThreadPoolExecutor.java:899)
 java.base@17.0.12/java.util.concurrent.ThreadPoolExecutor.getTask(ThreadPoolExecutor.java:1062)
 java.base@17.0.12/java.util.concurrent.ThreadPoolExecutor.runWorker(ThreadPoolExecutor.java:1122)
 java.base@17.0.12/java.util.concurrent.ThreadPoolExecutor$Worker.run(ThreadPoolExecutor.java:635)
 java.base@17.0.12/java.lang.Thread.run(Thread.java:840)
2025-02-18 11:35:59 [restartedMain] INFO  com.redtrack.RedtrackApplication - Starting RedtrackApplication using Java 17.0.12 on LAPTOP-ICGVSVEA with PID 29492 (C:\Users\ycode\Desktop\RedTrack\Back-end\target\classes started by ycode in C:\Users\ycode\Desktop\RedTrack\Back-end)
2025-02-18 11:35:59 [restartedMain] INFO  com.redtrack.RedtrackApplication - The following 1 profile is active: "prod"
2025-02-18 11:36:00 [restartedMain] INFO  o.s.d.r.c.RepositoryConfigurationDelegate - Bootstrapping Spring Data MongoDB repositories in DEFAULT mode.
2025-02-18 11:36:00 [restartedMain] INFO  o.s.d.r.c.RepositoryConfigurationDelegate - Finished Spring Data repository scanning in 26 ms. Found 1 MongoDB repository interfaces.
2025-02-18 11:36:00 [restartedMain] INFO  o.s.b.w.e.tomcat.TomcatWebServer - Tomcat initialized with port(s): 8080 (http)
2025-02-18 11:36:00 [restartedMain] INFO  o.a.catalina.core.StandardService - Starting service [Tomcat]
2025-02-18 11:36:00 [restartedMain] INFO  o.a.catalina.core.StandardEngine - Starting Servlet engine: [Apache Tomcat/9.0.83]
2025-02-18 11:36:00 [restartedMain] INFO  o.a.c.c.C.[Tomcat-1].[localhost].[/] - Initializing Spring embedded WebApplicationContext
2025-02-18 11:36:00 [restartedMain] INFO  o.s.b.w.s.c.ServletWebServerApplicationContext - Root WebApplicationContext: initialization completed in 733 ms
2025-02-18 11:36:00 [restartedMain] INFO  org.mongodb.driver.client - MongoClient with metadata {"driver": {"name": "mongo-java-driver|sync|spring-boot", "version": "4.6.1"}, "os": {"type": "Windows", "name": "Windows 11", "architecture": "amd64", "version": "10.0"}, "platform": "Java/Eclipse Adoptium/17.0.12+7"} created with settings MongoClientSettings{readPreference=primary, writeConcern=WriteConcern{w=null, wTimeout=null ms, journal=null}, retryWrites=true, retryReads=true, readConcern=ReadConcern{level=null}, credential=null, streamFactoryFactory=null, commandListeners=[io.micrometer.core.instrument.binder.mongodb.MongoMetricsCommandListener@79efbc10], codecRegistry=ProvidersCodecRegistry{codecProviders=[ValueCodecProvider{}, BsonValueCodecProvider{}, DBRefCodecProvider{}, DBObjectCodecProvider{}, DocumentCodecProvider{}, IterableCodecProvider{}, MapCodecProvider{}, GeoJsonCodecProvider{}, GridFSFileCodecProvider{}, Jsr310CodecProvider{}, JsonObjectCodecProvider{}, BsonCodecProvider{}, EnumCodecProvider{}, com.mongodb.Jep395RecordCodecProvider@7c870c80]}, clusterSettings={hosts=[localhost:27017], srvServiceName=mongodb, mode=SINGLE, requiredClusterType=UNKNOWN, requiredReplicaSetName='null', serverSelector='null', clusterListeners='[]', serverSelectionTimeout='30000 ms', localThreshold='30000 ms'}, socketSettings=SocketSettings{connectTimeoutMS=10000, readTimeoutMS=0, receiveBufferSize=0, sendBufferSize=0}, heartbeatSocketSettings=SocketSettings{connectTimeoutMS=10000, readTimeoutMS=10000, receiveBufferSize=0, sendBufferSize=0}, connectionPoolSettings=ConnectionPoolSettings{maxSize=100, minSize=0, maxWaitTimeMS=120000, maxConnectionLifeTimeMS=0, maxConnectionIdleTimeMS=0, maintenanceInitialDelayMS=0, maintenanceFrequencyMS=60000, connectionPoolListeners=[io.micrometer.core.instrument.binder.mongodb.MongoMetricsConnectionPoolListener@227342e1], maxConnecting=2}, serverSettings=ServerSettings{heartbeatFrequencyMS=10000, minHeartbeatFrequencyMS=500, serverListeners='[]', serverMonitorListeners='[]'}, sslSettings=SslSettings{enabled=false, invalidHostNameAllowed=false, context=null}, applicationName='null', compressorList=[], uuidRepresentation=JAVA_LEGACY, serverApi=null, autoEncryptionSettings=null, contextProvider=null}
2025-02-18 11:36:00 [cluster-rtt-ClusterId{value='67b462909c661e6b0e2a5885', description='null'}-localhost:27017] INFO  org.mongodb.driver.connection - Opened connection [connectionId{localValue:12, serverValue:30}] to localhost:27017
2025-02-18 11:36:00 [cluster-ClusterId{value='67b462909c661e6b0e2a5885', description='null'}-localhost:27017] INFO  org.mongodb.driver.connection - Opened connection [connectionId{localValue:11, serverValue:29}] to localhost:27017
2025-02-18 11:36:00 [cluster-ClusterId{value='67b462909c661e6b0e2a5885', description='null'}-localhost:27017] INFO  org.mongodb.driver.cluster - Monitor thread successfully connected to server with description ServerDescription{address=localhost:27017, type=STANDALONE, state=CONNECTED, ok=true, minWireVersion=0, maxWireVersion=21, maxDocumentSize=16777216, logicalSessionTimeoutMinutes=30, roundTripTimeNanos=1402500}
2025-02-18 11:36:00 [restartedMain] DEBUG o.s.d.m.c.i.MongoPersistentEntityIndexCreator - Analyzing class class com.redtrack.model.User for index information.
2025-02-18 11:36:00 [restartedMain] INFO  o.s.b.d.a.OptionalLiveReloadServer - LiveReload server is running on port 35729
2025-02-18 11:36:00 [restartedMain] INFO  o.s.s.web.DefaultSecurityFilterChain - Will secure any request with [org.springframework.security.web.session.DisableEncodeUrlFilter@194f6274, org.springframework.security.web.context.request.async.WebAsyncManagerIntegrationFilter@693347be, org.springframework.security.web.context.SecurityContextPersistenceFilter@66dbcce8, org.springframework.security.web.header.HeaderWriterFilter@3caca1, org.springframework.security.web.authentication.logout.LogoutFilter@12a58785, com.redtrack.security.JwtAuthenticationFilter@42b405ca, org.springframework.security.web.savedrequest.RequestCacheAwareFilter@7318ceb1, org.springframework.security.web.servletapi.SecurityContextHolderAwareRequestFilter@16242dd7, org.springframework.security.web.authentication.AnonymousAuthenticationFilter@7d5f3bb2, org.springframework.security.web.session.SessionManagementFilter@75993412, org.springframework.security.web.access.ExceptionTranslationFilter@3114984a, org.springframework.security.web.access.intercept.FilterSecurityInterceptor@1313e1ed]
2025-02-18 11:36:01 [restartedMain] INFO  o.s.b.a.e.web.EndpointLinksResolver - Exposing 1 endpoint(s) beneath base path '/actuator'
2025-02-18 11:36:01 [restartedMain] INFO  o.s.b.w.e.tomcat.TomcatWebServer - Tomcat started on port(s): 8080 (http) with context path ''
2025-02-18 11:36:01 [restartedMain] INFO  com.redtrack.RedtrackApplication - Started RedtrackApplication in 1.48 seconds (JVM running for 730.093)
2025-02-18 11:36:01 [restartedMain] DEBUG o.s.d.m.r.query.MongoQueryCreator - Created query Query: { "email" : "admin@redtrack.com"}, Fields: {}, Sort: {}
2025-02-18 11:36:01 [restartedMain] DEBUG o.s.data.mongodb.core.MongoTemplate - find using query: { "email" : "admin@redtrack.com"} fields: Document{{}} for class: class com.redtrack.model.User in collection: users
2025-02-18 11:36:01 [restartedMain] INFO  org.mongodb.driver.connection - Opened connection [connectionId{localValue:13, serverValue:31}] to localhost:27017
2025-02-18 11:36:01 [restartedMain] INFO  o.s.b.d.a.ConditionEvaluationDeltaLoggingListener - Condition evaluation unchanged
2025-02-18 11:36:20 [http-nio-8080-exec-1] INFO  o.a.c.c.C.[Tomcat-1].[localhost].[/] - Initializing Spring DispatcherServlet 'dispatcherServlet'
2025-02-18 11:36:20 [http-nio-8080-exec-1] INFO  o.s.web.servlet.DispatcherServlet - Initializing Servlet 'dispatcherServlet'
2025-02-18 11:36:20 [http-nio-8080-exec-1] INFO  o.s.web.servlet.DispatcherServlet - Completed initialization in 2 ms
2025-02-18 11:36:20 [http-nio-8080-exec-1] DEBUG o.s.d.m.r.query.MongoQueryCreator - Created query Query: { "email" : "admin@redtrack.com"}, Fields: {}, Sort: {}
2025-02-18 11:36:20 [http-nio-8080-exec-1] DEBUG o.s.data.mongodb.core.MongoTemplate - find using query: { "email" : "admin@redtrack.com"} fields: Document{{}} for class: class com.redtrack.model.User in collection: users
2025-02-18 11:36:21 [http-nio-8080-exec-1] DEBUG o.s.d.m.r.query.MongoQueryCreator - Created query Query: { "email" : "admin@redtrack.com"}, Fields: {}, Sort: {}
2025-02-18 11:36:21 [http-nio-8080-exec-1] DEBUG o.s.data.mongodb.core.MongoTemplate - find using query: { "email" : "admin@redtrack.com"} fields: Document{{}} for class: class com.redtrack.model.User in collection: users
2025-02-18 11:36:21 [http-nio-8080-exec-1] DEBUG o.s.d.m.r.query.MongoQueryCreator - Created query Query: { "email" : "admin@redtrack.com"}, Fields: {}, Sort: {}
2025-02-18 11:36:21 [http-nio-8080-exec-1] DEBUG o.s.data.mongodb.core.MongoTemplate - find using query: { "email" : "admin@redtrack.com"} fields: Document{{}} for class: class com.redtrack.model.User in collection: users
2025-02-18 11:36:23 [http-nio-8080-exec-2] DEBUG o.s.d.m.r.query.MongoQueryCreator - Created query Query: { "email" : "admin@redtrack.com"}, Fields: {}, Sort: {}
2025-02-18 11:36:23 [http-nio-8080-exec-2] DEBUG o.s.data.mongodb.core.MongoTemplate - find using query: { "email" : "admin@redtrack.com"} fields: Document{{}} for class: class com.redtrack.model.User in collection: users
2025-02-18 11:36:23 [http-nio-8080-exec-2] WARN  o.s.w.s.m.m.a.ExceptionHandlerExceptionResolver - Resolved [com.redtrack.exceptions.AlreadyLoggedInException: Vous êtes déjà connecté. Déconnectez-vous d'abord.]
2025-02-18 11:36:23 [http-nio-8080-exec-6] DEBUG o.s.d.m.r.query.MongoQueryCreator - Created query Query: { "email" : "admin@redtrack.com"}, Fields: {}, Sort: {}
2025-02-18 11:36:23 [http-nio-8080-exec-6] DEBUG o.s.data.mongodb.core.MongoTemplate - find using query: { "email" : "admin@redtrack.com"} fields: Document{{}} for class: class com.redtrack.model.User in collection: users
2025-02-18 11:36:23 [http-nio-8080-exec-6] WARN  o.s.w.s.m.m.a.ExceptionHandlerExceptionResolver - Resolved [com.redtrack.exceptions.AlreadyLoggedInException: Vous êtes déjà connecté. Déconnectez-vous d'abord.]
2025-02-18 11:36:24 [http-nio-8080-exec-4] DEBUG o.s.d.m.r.query.MongoQueryCreator - Created query Query: { "email" : "admin@redtrack.com"}, Fields: {}, Sort: {}
2025-02-18 11:36:24 [http-nio-8080-exec-4] DEBUG o.s.data.mongodb.core.MongoTemplate - find using query: { "email" : "admin@redtrack.com"} fields: Document{{}} for class: class com.redtrack.model.User in collection: users
2025-02-18 11:36:24 [http-nio-8080-exec-4] WARN  o.s.w.s.m.m.a.ExceptionHandlerExceptionResolver - Resolved [com.redtrack.exceptions.AlreadyLoggedInException: Vous êtes déjà connecté. Déconnectez-vous d'abord.]
2025-02-18 11:36:25 [http-nio-8080-exec-5] DEBUG o.s.d.m.r.query.MongoQueryCreator - Created query Query: { "email" : "admin@redtrack.com"}, Fields: {}, Sort: {}
2025-02-18 11:36:25 [http-nio-8080-exec-5] DEBUG o.s.data.mongodb.core.MongoTemplate - find using query: { "email" : "admin@redtrack.com"} fields: Document{{}} for class: class com.redtrack.model.User in collection: users
2025-02-18 11:36:25 [http-nio-8080-exec-5] WARN  o.s.w.s.m.m.a.ExceptionHandlerExceptionResolver - Resolved [com.redtrack.exceptions.AlreadyLoggedInException: Vous êtes déjà connecté. Déconnectez-vous d'abord.]
2025-02-18 11:36:31 [File Watcher] INFO  o.s.b.d.a.LocalDevToolsAutoConfiguration$RestartingClassPathChangeChangedEventListener - Restarting due to 4 class path changes (1 addition, 0 deletions, 3 modifications)
2025-02-18 11:36:31 [Thread-18] INFO  o.a.catalina.core.StandardService - Stopping service [Tomcat]
2025-02-18 11:36:31 [Thread-18] INFO  o.a.c.c.C.[Tomcat-1].[localhost].[/] - Destroying Spring FrameworkServlet 'dispatcherServlet'
2025-02-18 11:36:31 [Thread-18] WARN  o.a.c.loader.WebappClassLoaderBase - The web application [ROOT] appears to have started a thread named [cluster-ClusterId{value='67b462909c661e6b0e2a5885', description='null'}-localhost:27017] but has failed to stop it. This is very likely to create a memory leak. Stack trace of thread:
 java.base@17.0.12/sun.nio.ch.Net.poll(Native Method)
 java.base@17.0.12/sun.nio.ch.NioSocketImpl.park(NioSocketImpl.java:186)
 java.base@17.0.12/sun.nio.ch.NioSocketImpl.timedRead(NioSocketImpl.java:290)
 java.base@17.0.12/sun.nio.ch.NioSocketImpl.implRead(NioSocketImpl.java:314)
 java.base@17.0.12/sun.nio.ch.NioSocketImpl.read(NioSocketImpl.java:355)
 java.base@17.0.12/sun.nio.ch.NioSocketImpl$1.read(NioSocketImpl.java:808)
 java.base@17.0.12/java.net.Socket$SocketInputStream.read(Socket.java:966)
 app//com.mongodb.internal.connection.SocketStream.read(SocketStream.java:110)
 app//com.mongodb.internal.connection.SocketStream.read(SocketStream.java:135)
 app//com.mongodb.internal.connection.InternalStreamConnection.receiveResponseBuffers(InternalStreamConnection.java:713)
 app//com.mongodb.internal.connection.InternalStreamConnection.receiveMessageWithAdditionalTimeout(InternalStreamConnection.java:571)
 app//com.mongodb.internal.connection.InternalStreamConnection.receiveCommandMessageResponse(InternalStreamConnection.java:410)
 app//com.mongodb.internal.connection.InternalStreamConnection.receive(InternalStreamConnection.java:369)
 app//com.mongodb.internal.connection.DefaultServerMonitor$ServerMonitorRunnable.lookupServerDescription(DefaultServerMonitor.java:221)
 app//com.mongodb.internal.connection.DefaultServerMonitor$ServerMonitorRunnable.run(DefaultServerMonitor.java:157)
 java.base@17.0.12/java.lang.Thread.run(Thread.java:840)
2025-02-18 11:36:31 [Thread-18] WARN  o.a.c.loader.WebappClassLoaderBase - The web application [ROOT] appears to have started a thread named [cluster-rtt-ClusterId{value='67b462909c661e6b0e2a5885', description='null'}-localhost:27017] but has failed to stop it. This is very likely to create a memory leak. Stack trace of thread:
 java.base@17.0.12/java.lang.Thread.sleep(Native Method)
 app//com.mongodb.internal.connection.DefaultServerMonitor.waitForNext(DefaultServerMonitor.java:443)
 app//com.mongodb.internal.connection.DefaultServerMonitor.access$1500(DefaultServerMonitor.java:64)
 app//com.mongodb.internal.connection.DefaultServerMonitor$RoundTripTimeRunnable.run(DefaultServerMonitor.java:415)
 java.base@17.0.12/java.lang.Thread.run(Thread.java:840)
2025-02-18 11:36:31 [Thread-18] WARN  o.a.c.loader.WebappClassLoaderBase - The web application [ROOT] appears to have started a thread named [MaintenanceTimer-6-thread-1] but has failed to stop it. This is very likely to create a memory leak. Stack trace of thread:
 java.base@17.0.12/jdk.internal.misc.Unsafe.park(Native Method)
 java.base@17.0.12/java.util.concurrent.locks.LockSupport.parkNanos(LockSupport.java:252)
 java.base@17.0.12/java.util.concurrent.locks.AbstractQueuedSynchronizer$ConditionObject.awaitNanos(AbstractQueuedSynchronizer.java:1674)
 java.base@17.0.12/java.util.concurrent.ScheduledThreadPoolExecutor$DelayedWorkQueue.take(ScheduledThreadPoolExecutor.java:1182)
 java.base@17.0.12/java.util.concurrent.ScheduledThreadPoolExecutor$DelayedWorkQueue.take(ScheduledThreadPoolExecutor.java:899)
 java.base@17.0.12/java.util.concurrent.ThreadPoolExecutor.getTask(ThreadPoolExecutor.java:1062)
 java.base@17.0.12/java.util.concurrent.ThreadPoolExecutor.runWorker(ThreadPoolExecutor.java:1122)
 java.base@17.0.12/java.util.concurrent.ThreadPoolExecutor$Worker.run(ThreadPoolExecutor.java:635)
 java.base@17.0.12/java.lang.Thread.run(Thread.java:840)
2025-02-18 11:36:31 [restartedMain] INFO  com.redtrack.RedtrackApplication - Starting RedtrackApplication using Java 17.0.12 on LAPTOP-ICGVSVEA with PID 29492 (C:\Users\ycode\Desktop\RedTrack\Back-end\target\classes started by ycode in C:\Users\ycode\Desktop\RedTrack\Back-end)
2025-02-18 11:36:31 [restartedMain] INFO  com.redtrack.RedtrackApplication - The following 1 profile is active: "prod"
